#
# A fatal error has been detected by the Java Runtime Environment:
#
#  Internal Error (os_linux_zero.cpp:254), pid=20755, tid=1697100896
#  fatal error: caught unhandled signal 11
#
# JRE version: OpenJDK Runtime Environment (8.0_40-b04) (build 1.8.0_40-internal-b04)
# Java VM: OpenJDK Zero VM (25.40-b08 interpreted mode linux-arm )
# Failed to write core dump. Core dumps have been disabled. To enable core dumping, try "ulimit -c unlimited" before starting Java again
#
# If you would like to submit a bug report, please visit:
#   http://bugreport.sun.com/bugreport/crash.jsp
#

---------------  T H R E A D  ---------------

Current thread (0x763594e0):  VMThread [stack: 0x651dd000,0x6527c000] [id=20757]

Stack: [0x651dd000,0x6527c000],  sp=0x6527a500,  free space=629k
VM_Operation (0x63641a70): Exit, mode: safepoint, requested by thread 0x644006b0


---------------  P R O C E S S  ---------------

Java Threads: ( => current thread )
  0x644006b0 JavaThread "SIGINT handler" daemon [_thread_blocked, id=20793, stack(0x63580000,0x63700000)]
  0x7637d8b8 JavaThread "Service Thread" daemon [_thread_blocked, id=20761, stack(0x64280000,0x64400000)]
  0x7637afc8 JavaThread "Signal Dispatcher" daemon [_thread_blocked, id=20760, stack(0x6451b000,0x6469b000)]
  0x7635ea90 JavaThread "Finalizer" daemon [_thread_blocked, id=20759, stack(0x64b80000,0x64d00000)]
  0x7635d660 JavaThread "Reference Handler" daemon [_thread_blocked, id=20758, stack(0x64e80000,0x65000000)]
  0x763057a0 JavaThread "main" [_thread_in_native, id=20756, stack(0x764a8000,0x76627000)]

Other Threads:
=>0x763594e0 VMThread [stack: 0x651dd000,0x6527c000] [id=20757]

VM state:at safepoint (shutting down)

VM Mutex/Monitor currently owned by a thread:  ([mutex/lock_event])
[0x763049c0] Threads_lock - owner thread: 0x763594e0

Heap:
 def new generation   total 4864K, used 974K [0x65a00000, 0x65f40000, 0x6a740000)
  eden space 4352K,  22% used [0x65a00000, 0x65af3b48, 0x65e40000)
  from space 512K,   0% used [0x65e40000, 0x65e40000, 0x65ec0000)
  to   space 512K,   0% used [0x65ec0000, 0x65ec0000, 0x65f40000)
 tenured generation   total 11008K, used 0K [0x6a740000, 0x6b200000, 0x74200000)
   the space 11008K,   0% used [0x6a740000, 0x6a740000, 0x6a740200, 0x6b200000)
 Metaspace       used 2292K, capacity 2340K, committed 2456K, reserved 4400K

Card table byte_map: [0x6598b000,0x65a00000] byte_map_base: 0x6565e000

Polling page: 0x76f0f000

CodeCache: size=32768Kb used=70Kb max_used=70Kb free=32697Kb
 bounds [0x742b2000, 0x742da000, 0x762b2000]
 total_blobs=82 nmethods=0 adapters=74
 compilation: disabled (interpreter mode)

Compilation events (0 events):
No events

GC Heap History (0 events):
No events

Deoptimization events (0 events):
No events

Internal exceptions (10 events):
Event: 0.392 Thread 0x763057a0 Exception <a 'java/security/PrivilegedActionException'> (0x65ab3538) thrown at [/build/openjdk-8-JBDAwJ/openjdk-8-8u40~b04/src/hotspot/src/share/vm/prims/jvm.cpp, line 1276]
Event: 0.393 Thread 0x763057a0 Exception <a 'java/security/PrivilegedActionException'> (0x65ab4298) thrown at [/build/openjdk-8-JBDAwJ/openjdk-8-8u40~b04/src/hotspot/src/share/vm/prims/jvm.cpp, line 1276]
Event: 0.399 Thread 0x763057a0 Exception <a 'java/security/PrivilegedActionException'> (0x65ab7cd0) thrown at [/build/openjdk-8-JBDAwJ/openjdk-8-8u40~b04/src/hotspot/src/share/vm/prims/jvm.cpp, line 1276]
Event: 0.400 Thread 0x763057a0 Exception <a 'java/security/PrivilegedActionException'> (0x65ab8a70) thrown at [/build/openjdk-8-JBDAwJ/openjdk-8-8u40~b04/src/hotspot/src/share/vm/prims/jvm.cpp, line 1276]
Event: 0.439 Thread 0x763057a0 Exception <a 'java/security/PrivilegedActionException'> (0x65acbf88) thrown at [/build/openjdk-8-JBDAwJ/openjdk-8-8u40~b04/src/hotspot/src/share/vm/prims/jvm.cpp, line 1276]
Event: 0.440 Thread 0x763057a0 Exception <a 'java/security/PrivilegedActionException'> (0x65accfc8) thrown at [/build/openjdk-8-JBDAwJ/openjdk-8-8u40~b04/src/hotspot/src/share/vm/prims/jvm.cpp, line 1276]
Event: 0.448 Thread 0x763057a0 Exception <a 'java/security/PrivilegedActionException'> (0x65adb7a8) thrown at [/build/openjdk-8-JBDAwJ/openjdk-8-8u40~b04/src/hotspot/src/share/vm/prims/jvm.cpp, line 1276]
Event: 0.449 Thread 0x763057a0 Exception <a 'java/security/PrivilegedActionException'> (0x65adc868) thrown at [/build/openjdk-8-JBDAwJ/openjdk-8-8u40~b04/src/hotspot/src/share/vm/prims/jvm.cpp, line 1276]
Event: 0.452 Thread 0x763057a0 Exception <a 'java/security/PrivilegedActionException'> (0x65adffc0) thrown at [/build/openjdk-8-JBDAwJ/openjdk-8-8u40~b04/src/hotspot/src/share/vm/prims/jvm.cpp, line 1276]
Event: 0.452 Thread 0x763057a0 Exception <a 'java/security/PrivilegedActionException'> (0x65ae10d0) thrown at [/build/openjdk-8-JBDAwJ/openjdk-8-8u40~b04/src/hotspot/src/share/vm/prims/jvm.cpp, line 1276]

Events (10 events):
Event: 34.619 loading class java/util/ListIterator done
Event: 34.619 loading class java/util/ArrayList$SubList$1 done
Event: 118.135 loading class sun/misc/Signal$1
Event: 118.135 loading class sun/misc/Signal$1 done
Event: 118.136 Thread 0x644006b0 Thread added: 0x644006b0
Event: 118.137 loading class java/lang/Shutdown
Event: 118.137 loading class java/lang/Shutdown done
Event: 118.137 loading class java/lang/Shutdown$Lock
Event: 118.138 loading class java/lang/Shutdown$Lock done
Event: 118.138 Executing VM operation: Exit


Dynamic libraries:
00010000-00011000 r-xp 00000000 b3:02 267678     /usr/lib/jvm/java-8-openjdk-armhf/jre/bin/java
00020000-00021000 r--p 00000000 b3:02 267678     /usr/lib/jvm/java-8-openjdk-armhf/jre/bin/java
00021000-00022000 rw-p 00001000 b3:02 267678     /usr/lib/jvm/java-8-openjdk-armhf/jre/bin/java
01321000-01342000 rw-p 00000000 00:00 0          [heap]
63580000-63583000 ---p 00000000 00:00 0 
63583000-63700000 rwxp 00000000 00:00 0          [stack:20793]
63700000-63701000 ---p 00000000 00:00 0 
63701000-63f00000 rwxp 00000000 00:00 0          [stack:20763]
63f00000-63f21000 rw-p 00000000 00:00 0 
63f21000-64000000 ---p 00000000 00:00 0 
64000000-64029000 rw-p 00000000 00:00 0 
64029000-64100000 ---p 00000000 00:00 0 
64100000-64121000 rw-p 00000000 00:00 0 
64121000-64200000 ---p 00000000 00:00 0 
64280000-64283000 ---p 00000000 00:00 0 
64283000-64400000 rwxp 00000000 00:00 0          [stack:20761]
64400000-64421000 rw-p 00000000 00:00 0 
64421000-64500000 ---p 00000000 00:00 0 
6451b000-6451e000 ---p 00000000 00:00 0 
6451e000-6469b000 rwxp 00000000 00:00 0          [stack:20760]
6469b000-64800000 r--p 001c7000 b3:02 1459       /usr/lib/locale/locale-archive
64800000-64a00000 r--p 00000000 b3:02 1459       /usr/lib/locale/locale-archive
64a00000-64a21000 rw-p 00000000 00:00 0 
64a21000-64b00000 ---p 00000000 00:00 0 
64b80000-64b83000 ---p 00000000 00:00 0 
64b83000-64d00000 rwxp 00000000 00:00 0          [stack:20759]
64d00000-64d21000 rw-p 00000000 00:00 0 
64d21000-64e00000 ---p 00000000 00:00 0 
64e4f000-64e59000 r-xp 00000000 b3:02 3713       /usr/local/lib/libwiringPi.so.2.32
64e59000-64e68000 ---p 0000a000 b3:02 3713       /usr/local/lib/libwiringPi.so.2.32
64e68000-64e6a000 rw-p 00009000 b3:02 3713       /usr/local/lib/libwiringPi.so.2.32
64e6a000-64e6d000 rw-p 00000000 00:00 0 
64e6d000-64e80000 r--s 00345000 b3:02 267648     /usr/lib/jvm/java-8-openjdk-armhf/jre/lib/resources.jar
64e80000-64e83000 ---p 00000000 00:00 0 
64e83000-65000000 rwxp 00000000 00:00 0          [stack:20758]
65000000-65021000 rw-p 00000000 00:00 0 
65021000-65100000 ---p 00000000 00:00 0 
6510e000-65110000 r-xp 00000000 b3:02 1439       /home/pi/sensor.so
65110000-6511f000 ---p 00002000 b3:02 1439       /home/pi/sensor.so
6511f000-65120000 rw-p 00001000 b3:02 1439       /home/pi/sensor.so
65120000-6513c000 r--s 00393000 b3:02 267578     /usr/lib/jvm/java-8-openjdk-armhf/jre/lib/ext/cldrdata.jar
6513c000-6513d000 ---p 00000000 00:00 0 
6513d000-651dc000 rwxp 00000000 00:00 0 
651dc000-651dd000 ---p 00000000 00:00 0 
651dd000-6527c000 rwxp 00000000 00:00 0          [stack:20757]
6527c000-652c9000 rw-p 00000000 00:00 0 
652c9000-65496000 r--s 03bb3000 b3:02 267572     /usr/lib/jvm/java-8-openjdk-armhf/jre/lib/rt.jar
65496000-65757000 rw-p 00000000 00:00 0 
65757000-6593d000 ---p 00000000 00:00 0 
6593d000-65943000 rw-p 00000000 00:00 0 
65943000-6598b000 ---p 00000000 00:00 0 
6598b000-6598e000 rw-p 00000000 00:00 0 
6598e000-659b1000 ---p 00000000 00:00 0 
659b1000-659b7000 rw-p 00000000 00:00 0 
659b7000-659ff000 ---p 00000000 00:00 0 
659ff000-65f40000 rw-p 00000000 00:00 0 
65f40000-6a740000 ---p 00000000 00:00 0 
6a740000-6b200000 rw-p 00000000 00:00 0 
6b200000-74200000 ---p 00000000 00:00 0 
7420d000-7420e000 rw-p 00000000 00:00 0 
7420e000-7420f000 rw-s 3f100000 00:06 1027       /dev/mem
7420f000-74219000 r--s 00116000 b3:02 267582     /usr/lib/jvm/java-8-openjdk-armhf/jre/lib/ext/localedata.jar
74219000-74232000 r--s 001bc000 b3:02 267580     /usr/lib/jvm/java-8-openjdk-armhf/jre/lib/ext/nashorn.jar
74232000-74233000 rw-p 00000000 00:00 0 
74233000-742b2000 ---p 00000000 00:00 0 
742b2000-742da000 rwxp 00000000 00:00 0 
742da000-762b2000 ---p 00000000 00:00 0 
762b2000-762b9000 r-xp 00000000 b3:02 267624     /usr/lib/jvm/java-8-openjdk-armhf/jre/lib/arm/libzip.so
762b9000-762c8000 ---p 00007000 b3:02 267624     /usr/lib/jvm/java-8-openjdk-armhf/jre/lib/arm/libzip.so
762c8000-762c9000 r--p 00006000 b3:02 267624     /usr/lib/jvm/java-8-openjdk-armhf/jre/lib/arm/libzip.so
762c9000-762ca000 rw-p 00007000 b3:02 267624     /usr/lib/jvm/java-8-openjdk-armhf/jre/lib/arm/libzip.so
762ca000-762d5000 r-xp 00000000 b3:02 3216       /lib/arm-linux-gnueabihf/libnss_files-2.19.so
762d5000-762e4000 ---p 0000b000 b3:02 3216       /lib/arm-linux-gnueabihf/libnss_files-2.19.so
762e4000-762e5000 r--p 0000a000 b3:02 3216       /lib/arm-linux-gnueabihf/libnss_files-2.19.so
762e5000-762e6000 rw-p 0000b000 b3:02 3216       /lib/arm-linux-gnueabihf/libnss_files-2.19.so
762e6000-762ef000 r-xp 00000000 b3:02 3224       /lib/arm-linux-gnueabihf/libnss_nis-2.19.so
762ef000-762fe000 ---p 00009000 b3:02 3224       /lib/arm-linux-gnueabihf/libnss_nis-2.19.so
762fe000-762ff000 r--p 00008000 b3:02 3224       /lib/arm-linux-gnueabihf/libnss_nis-2.19.so
762ff000-76300000 rw-p 00009000 b3:02 3224       /lib/arm-linux-gnueabihf/libnss_nis-2.19.so
76300000-763fc000 rw-p 00000000 00:00 0 
763fc000-76400000 ---p 00000000 00:00 0 
76400000-76401000 rw-s 3f101000 00:06 1027       /dev/mem
76401000-76412000 r-xp 00000000 b3:02 3213       /lib/arm-linux-gnueabihf/libnsl-2.19.so
76412000-76421000 ---p 00011000 b3:02 3213       /lib/arm-linux-gnueabihf/libnsl-2.19.so
76421000-76422000 r--p 00010000 b3:02 3213       /lib/arm-linux-gnueabihf/libnsl-2.19.so
76422000-76423000 rw-p 00011000 b3:02 3213       /lib/arm-linux-gnueabihf/libnsl-2.19.so
76423000-76425000 rw-p 00000000 00:00 0 
76425000-7642c000 r-xp 00000000 b3:02 3214       /lib/arm-linux-gnueabihf/libnss_compat-2.19.so
7642c000-7643b000 ---p 00007000 b3:02 3214       /lib/arm-linux-gnueabihf/libnss_compat-2.19.so
7643b000-7643c000 r--p 00006000 b3:02 3214       /lib/arm-linux-gnueabihf/libnss_compat-2.19.so
7643c000-7643d000 rw-p 00007000 b3:02 3214       /lib/arm-linux-gnueabihf/libnss_compat-2.19.so
7643d000-76461000 r-xp 00000000 b3:02 267606     /usr/lib/jvm/java-8-openjdk-armhf/jre/lib/arm/libjava.so
76461000-76470000 ---p 00024000 b3:02 267606     /usr/lib/jvm/java-8-openjdk-armhf/jre/lib/arm/libjava.so
76470000-76471000 r--p 00023000 b3:02 267606     /usr/lib/jvm/java-8-openjdk-armhf/jre/lib/arm/libjava.so
76471000-76472000 rw-p 00024000 b3:02 267606     /usr/lib/jvm/java-8-openjdk-armhf/jre/lib/arm/libjava.so
76472000-7647e000 r-xp 00000000 b3:02 267623     /usr/lib/jvm/java-8-openjdk-armhf/jre/lib/arm/libverify.so
7647e000-7648e000 ---p 0000c000 b3:02 267623     /usr/lib/jvm/java-8-openjdk-armhf/jre/lib/arm/libverify.so
7648e000-7648f000 r--p 0000c000 b3:02 267623     /usr/lib/jvm/java-8-openjdk-armhf/jre/lib/arm/libverify.so
7648f000-76490000 rw-p 0000d000 b3:02 267623     /usr/lib/jvm/java-8-openjdk-armhf/jre/lib/arm/libverify.so
76490000-76496000 r-xp 00000000 b3:02 3243       /lib/arm-linux-gnueabihf/librt-2.19.so
76496000-764a5000 ---p 00006000 b3:02 3243       /lib/arm-linux-gnueabihf/librt-2.19.so
764a5000-764a6000 r--p 00005000 b3:02 3243       /lib/arm-linux-gnueabihf/librt-2.19.so
764a6000-764a7000 rw-p 00006000 b3:02 3243       /lib/arm-linux-gnueabihf/librt-2.19.so
764a7000-764ab000 ---p 00000000 00:00 0 
764ab000-76627000 rwxp 00000000 00:00 0          [stack:20756]
76627000-76644000 r-xp 00000000 b3:02 3190       /lib/arm-linux-gnueabihf/libgcc_s.so.1
76644000-76653000 ---p 0001d000 b3:02 3190       /lib/arm-linux-gnueabihf/libgcc_s.so.1
76653000-76654000 rw-p 0001c000 b3:02 3190       /lib/arm-linux-gnueabihf/libgcc_s.so.1
76654000-766bd000 r-xp 00000000 b3:02 3205       /lib/arm-linux-gnueabihf/libm-2.19.so
766bd000-766cd000 ---p 00069000 b3:02 3205       /lib/arm-linux-gnueabihf/libm-2.19.so
766cd000-766ce000 r--p 00069000 b3:02 3205       /lib/arm-linux-gnueabihf/libm-2.19.so
766ce000-766cf000 rw-p 0006a000 b3:02 3205       /lib/arm-linux-gnueabihf/libm-2.19.so
766cf000-76790000 r-xp 00000000 b3:02 12073      /usr/lib/arm-linux-gnueabihf/libstdc++.so.6.0.20
76790000-7679f000 ---p 000c1000 b3:02 12073      /usr/lib/arm-linux-gnueabihf/libstdc++.so.6.0.20
7679f000-767a3000 r--p 000c0000 b3:02 12073      /usr/lib/arm-linux-gnueabihf/libstdc++.so.6.0.20
767a3000-767a5000 rw-p 000c4000 b3:02 12073      /usr/lib/arm-linux-gnueabihf/libstdc++.so.6.0.20
767a5000-767ab000 rw-p 00000000 00:00 0 
767ab000-76cbe000 r-xp 00000000 b3:02 267593     /usr/lib/jvm/java-8-openjdk-armhf/jre/lib/arm/server/libjvm.so
76cbe000-76ccd000 ---p 00513000 b3:02 267593     /usr/lib/jvm/java-8-openjdk-armhf/jre/lib/arm/server/libjvm.so
76ccd000-76cda000 r--p 00512000 b3:02 267593     /usr/lib/jvm/java-8-openjdk-armhf/jre/lib/arm/server/libjvm.so
76cda000-76cec000 rw-p 0051f000 b3:02 267593     /usr/lib/jvm/java-8-openjdk-armhf/jre/lib/arm/server/libjvm.so
76cec000-76cfd000 rw-p 00000000 00:00 0 
76cfd000-76e28000 r-xp 00000000 b3:02 3175       /lib/arm-linux-gnueabihf/libc-2.19.so
76e28000-76e38000 ---p 0012b000 b3:02 3175       /lib/arm-linux-gnueabihf/libc-2.19.so
76e38000-76e3a000 r--p 0012b000 b3:02 3175       /lib/arm-linux-gnueabihf/libc-2.19.so
76e3a000-76e3b000 rw-p 0012d000 b3:02 3175       /lib/arm-linux-gnueabihf/libc-2.19.so
76e3b000-76e3e000 rw-p 00000000 00:00 0 
76e3e000-76e40000 r-xp 00000000 b3:02 3184       /lib/arm-linux-gnueabihf/libdl-2.19.so
76e40000-76e4f000 ---p 00002000 b3:02 3184       /lib/arm-linux-gnueabihf/libdl-2.19.so
76e4f000-76e50000 r--p 00001000 b3:02 3184       /lib/arm-linux-gnueabihf/libdl-2.19.so
76e50000-76e51000 rw-p 00002000 b3:02 3184       /lib/arm-linux-gnueabihf/libdl-2.19.so
76e51000-76e5e000 r-xp 00000000 b3:02 267589     /usr/lib/jvm/java-8-openjdk-armhf/jre/lib/arm/jli/libjli.so
76e5e000-76e6d000 ---p 0000d000 b3:02 267589     /usr/lib/jvm/java-8-openjdk-armhf/jre/lib/arm/jli/libjli.so
76e6d000-76e6e000 r--p 0000c000 b3:02 267589     /usr/lib/jvm/java-8-openjdk-armhf/jre/lib/arm/jli/libjli.so
76e6e000-76e6f000 rw-p 0000d000 b3:02 267589     /usr/lib/jvm/java-8-openjdk-armhf/jre/lib/arm/jli/libjli.so
76e6f000-76e85000 r-xp 00000000 b3:02 3262       /lib/arm-linux-gnueabihf/libz.so.1.2.8
76e85000-76e94000 ---p 00016000 b3:02 3262       /lib/arm-linux-gnueabihf/libz.so.1.2.8
76e94000-76e95000 r--p 00015000 b3:02 3262       /lib/arm-linux-gnueabihf/libz.so.1.2.8
76e95000-76e96000 rw-p 00016000 b3:02 3262       /lib/arm-linux-gnueabihf/libz.so.1.2.8
76e96000-76eaa000 r-xp 00000000 b3:02 3240       /lib/arm-linux-gnueabihf/libpthread-2.19.so
76eaa000-76eba000 ---p 00014000 b3:02 3240       /lib/arm-linux-gnueabihf/libpthread-2.19.so
76eba000-76ebb000 r--p 00014000 b3:02 3240       /lib/arm-linux-gnueabihf/libpthread-2.19.so
76ebb000-76ebc000 rw-p 00015000 b3:02 3240       /lib/arm-linux-gnueabihf/libpthread-2.19.so
76ebc000-76ebe000 rw-p 00000000 00:00 0 
76ebe000-76ebf000 rw-s 3f20c000 00:06 1027       /dev/mem
76ebf000-76ec0000 rw-s 3f200000 00:06 1027       /dev/mem
76ec0000-76ec2000 r--s 00006000 b3:02 3823       /usr/share/java/java-atk-wrapper.jar
76ec2000-76ec4000 r--s 00001000 b3:02 267579     /usr/lib/jvm/java-8-openjdk-armhf/jre/lib/ext/dnsns.jar
76ec4000-76ec7000 r--s 0000f000 b3:02 267586     /usr/lib/jvm/java-8-openjdk-armhf/jre/lib/ext/icedtea-sound.jar
76ec7000-76ecd000 r--s 0003a000 b3:02 267584     /usr/lib/jvm/java-8-openjdk-armhf/jre/lib/ext/sunjce_provider.jar
76ecd000-76ece000 r--s 00010000 b3:02 267581     /usr/lib/jvm/java-8-openjdk-armhf/jre/lib/ext/zipfs.jar
76ece000-76ed1000 r--s 00037000 b3:02 267585     /usr/lib/jvm/java-8-openjdk-armhf/jre/lib/ext/sunpkcs11.jar
76ed1000-76ed6000 r-xp 00000000 b3:02 11674      /usr/lib/arm-linux-gnueabihf/libarmmem.so
76ed6000-76ee5000 ---p 00005000 b3:02 11674      /usr/lib/arm-linux-gnueabihf/libarmmem.so
76ee5000-76ee6000 rw-p 00004000 b3:02 11674      /usr/lib/arm-linux-gnueabihf/libarmmem.so
76ee6000-76f06000 r-xp 00000000 b3:02 3139       /lib/arm-linux-gnueabihf/ld-2.19.so
76f06000-76f07000 r--s 00008000 b3:02 267583     /usr/lib/jvm/java-8-openjdk-armhf/jre/lib/ext/sunec.jar
76f07000-76f0f000 rw-s 00000000 b3:02 272335     /tmp/hsperfdata_root/20755 (deleted)
76f0f000-76f10000 ---p 00000000 00:00 0 
76f10000-76f13000 rw-p 00000000 00:00 0 
76f13000-76f15000 rw-p 00000000 00:00 0 
76f15000-76f16000 r--p 0001f000 b3:02 3139       /lib/arm-linux-gnueabihf/ld-2.19.so
76f16000-76f17000 rw-p 00020000 b3:02 3139       /lib/arm-linux-gnueabihf/ld-2.19.so
7eb9a000-7ebbb000 rwxp 00000000 00:00 0          [stack]
7efd5000-7efd6000 r-xp 00000000 00:00 0          [sigpage]
7efd6000-7efd7000 r--p 00000000 00:00 0          [vvar]
7efd7000-7efd8000 r-xp 00000000 00:00 0          [vdso]
ffff0000-ffff1000 r-xp 00000000 00:00 0          [vectors]

VM Arguments:
java_command: TestSensor
java_class_path (initial): .
Launcher Type: SUN_STANDARD

Environment Variables:
PATH=/usr/local/sbin:/usr/local/bin:/usr/sbin:/usr/bin:/sbin:/bin
USERNAME=root
SHELL=/bin/bash

Signal Handlers:
SIGSEGV: [libjvm.so+0x4ac938], sa_mask[0]=11111111011111111101111111111110, sa_flags=SA_RESTART|SA_SIGINFO
SIGBUS: [libjvm.so+0x4ac938], sa_mask[0]=11111111011111111101111111111110, sa_flags=SA_RESTART|SA_SIGINFO
SIGFPE: [libjvm.so+0x3b8d74], sa_mask[0]=11111111011111111101111111111110, sa_flags=SA_RESTART|SA_SIGINFO
SIGPIPE: [libjvm.so+0x3b8d74], sa_mask[0]=11111111011111111101111111111110, sa_flags=SA_RESTART|SA_SIGINFO
SIGXFSZ: [libjvm.so+0x3b8d74], sa_mask[0]=11111111011111111101111111111110, sa_flags=SA_RESTART|SA_SIGINFO
SIGILL: [libjvm.so+0x3b8d74], sa_mask[0]=11111111011111111101111111111110, sa_flags=SA_RESTART|SA_SIGINFO
SIGUSR1: SIG_DFL, sa_mask[0]=00000000000000000000000000000000, sa_flags=none
SIGUSR2: [libjvm.so+0x3b8c20], sa_mask[0]=00000000000000000000000000000000, sa_flags=SA_RESTART|SA_SIGINFO
SIGHUP: [libjvm.so+0x3b8e44], sa_mask[0]=11111111011111111101111111111110, sa_flags=SA_RESTART|SA_SIGINFO
SIGINT: [libjvm.so+0x3b8e44], sa_mask[0]=11111111011111111101111111111110, sa_flags=SA_RESTART|SA_SIGINFO
SIGTERM: [libjvm.so+0x3b8e44], sa_mask[0]=11111111011111111101111111111110, sa_flags=SA_RESTART|SA_SIGINFO
SIGQUIT: [libjvm.so+0x3b8e44], sa_mask[0]=11111111011111111101111111111110, sa_flags=SA_RESTART|SA_SIGINFO


---------------  S Y S T E M  ---------------

OS:PRETTY_NAME="Raspbian GNU/Linux 8 (jessie)"
NAME="Raspbian GNU/Linux"
VERSION_ID="8"
VERSION="8 (jessie)"
ID=raspbian
ID_LIKE=debian
HOME_URL="http://www.raspbian.org/"
SUPPORT_URL="http://www.raspbian.org/RaspbianForums"
BUG_REPORT_URL="http://www.raspbian.org/RaspbianBugs"

uname:Linux 4.4.13-v7+ #894 SMP Mon Jun 13 13:13:27 BST 2016 armv7l
libc:glibc 2.19 NPTL 2.19 
rlimit: STACK 8192k, CORE 0k, NPROC 7336, NOFILE 65536, AS infinity
load average:0.07 0.10 0.12

/proc/meminfo:
MemTotal:         947748 kB
MemFree:          576764 kB
MemAvailable:     799888 kB
Buffers:           27032 kB
Cached:           215520 kB
SwapCached:            0 kB
Active:           211128 kB
Inactive:         114588 kB
Active(anon):      83572 kB
Inactive(anon):     6592 kB
Active(file):     127556 kB
Inactive(file):   107996 kB
Unevictable:           0 kB
Mlocked:               0 kB
SwapTotal:        102396 kB
SwapFree:         102396 kB
Dirty:               272 kB
Writeback:             0 kB
AnonPages:         83212 kB
Mapped:            77028 kB
Shmem:              7004 kB
Slab:              27500 kB
SReclaimable:      16100 kB
SUnreclaim:        11400 kB
KernelStack:        1832 kB
PageTables:         3340 kB
NFS_Unstable:          0 kB
Bounce:                0 kB
WritebackTmp:          0 kB
CommitLimit:      576268 kB
Committed_AS:     749804 kB
VmallocTotal:    1114112 kB
VmallocUsed:           0 kB
VmallocChunk:          0 kB
CmaTotal:           8192 kB
CmaFree:            3728 kB


CPU:total 4 

/proc/cpuinfo:
processor	: 0
model name	: ARMv7 Processor rev 4 (v7l)
BogoMIPS	: 38.40
Features	: half thumb fastmult vfp edsp neon vfpv3 tls vfpv4 idiva idivt vfpd32 lpae evtstrm crc32 
CPU implementer	: 0x41
CPU architecture: 7
CPU variant	: 0x0
CPU part	: 0xd03
CPU revision	: 4

processor	: 1
model name	: ARMv7 Processor rev 4 (v7l)
BogoMIPS	: 38.40
Features	: half thumb fastmult vfp edsp neon vfpv3 tls vfpv4 idiva idivt vfpd32 lpae evtstrm crc32 
CPU implementer	: 0x41
CPU architecture: 7
CPU variant	: 0x0
CPU part	: 0xd03
CPU revision	: 4

processor	: 2
model name	: ARMv7 Processor rev 4 (v7l)
BogoMIPS	: 38.40
Features	: half thumb fastmult vfp edsp neon vfpv3 tls vfpv4 idiva idivt vfpd32 lpae evtstrm crc32 
CPU implementer	: 0x41
CPU architecture: 7
CPU variant	: 0x0
CPU part	: 0xd03
CPU revision	: 4

processor	: 3
model name	: ARMv7 Processor rev 4 (v7l)
BogoMIPS	: 38.40
Features	: half thumb fastmult vfp edsp neon vfpv3 tls vfpv4 idiva idivt vfpd32 lpae evtstrm crc32 
CPU implementer	: 0x41
CPU architecture: 7
CPU variant	: 0x0
CPU part	: 0xd03
CPU revision	: 4

Hardware	: BCM2709
Revision	: a22082
Serial		: 0000000073930176


Memory: 4k page, physical 947748k(576764k free), swap 102396k(102396k free)

vm_info: OpenJDK Zero VM (25.40-b08) for linux-arm-vfp JRE (1.8.0_40-internal-b04), built on Dec 27 2014 18:37:23 by "buildd" with gcc 4.9.1

time: Sun Sep 18 07:42:22 2016
elapsed time: 118 seconds (0d 0h 1m 58s)

